This is pdfTeX, Version 3.14159265-2.6-1.40.20 (TeX Live 2019/W32TeX) (preloaded format=pdflatex 2020.1.14)  12 APR 2020 19:34
entering extended mode
 restricted \write18 enabled.
 %&-line parsing enabled.
**report.tex
(./report.tex
LaTeX2e <2019-10-01> patch level 3
(c:/texlive/2019/texmf-dist/tex/latex/base/article.cls
Document Class: article 2019/10/25 v1.4k Standard LaTeX document class
(c:/texlive/2019/texmf-dist/tex/latex/base/size12.clo
File: size12.clo 2019/10/25 v1.4k Standard LaTeX file (size option)
)
\c@part=\count80
\c@section=\count81
\c@subsection=\count82
\c@subsubsection=\count83
\c@paragraph=\count84
\c@subparagraph=\count85
\c@figure=\count86
\c@table=\count87
\abovecaptionskip=\skip41
\belowcaptionskip=\skip42
\bibindent=\dimen102
)
(c:/texlive/2019/texmf-dist/tex/latex/enumitem/enumitem.sty
Package: enumitem 2019/06/20 v3.9 Customized lists
\enitkv@toks@=\toks14
\labelindent=\skip43
\enit@outerparindent=\dimen103
\enit@toks=\toks15
\enit@inbox=\box27
\enit@count@id=\count88
\enitdp@description=\count89
)
(c:/texlive/2019/texmf-dist/tex/latex/geometry/geometry.sty
Package: geometry 2020/01/02 v5.9 Page Geometry

(c:/texlive/2019/texmf-dist/tex/latex/graphics/keyval.sty
Package: keyval 2014/10/28 v1.15 key=value parser (DPC)
\KV@toks@=\toks16
)
(c:/texlive/2019/texmf-dist/tex/generic/iftex/ifvtex.sty
Package: ifvtex 2019/10/25 v1.7 ifvtex legacy package. Use iftex instead.

(c:/texlive/2019/texmf-dist/tex/generic/iftex/iftex.sty
Package: iftex 2019/11/07 v1.0c TeX engine tests
))
\Gm@cnth=\count90
\Gm@cntv=\count91
\c@Gm@tempcnt=\count92
\Gm@bindingoffset=\dimen104
\Gm@wd@mp=\dimen105
\Gm@odd@mp=\dimen106
\Gm@even@mp=\dimen107
\Gm@layoutwidth=\dimen108
\Gm@layoutheight=\dimen109
\Gm@layouthoffset=\dimen110
\Gm@layoutvoffset=\dimen111
\Gm@dimlist=\toks17
)
(c:/texlive/2019/texmf-dist/tex/latex/graphics/graphicx.sty
Package: graphicx 2017/06/01 v1.1a Enhanced LaTeX Graphics (DPC,SPQR)

(c:/texlive/2019/texmf-dist/tex/latex/graphics/graphics.sty
Package: graphics 2019/11/01 v1.3d Standard LaTeX Graphics (DPC,SPQR)

(c:/texlive/2019/texmf-dist/tex/latex/graphics/trig.sty
Package: trig 2016/01/03 v1.10 sin cos tan (DPC)
)
(c:/texlive/2019/texmf-dist/tex/latex/graphics-cfg/graphics.cfg
File: graphics.cfg 2016/06/04 v1.11 sample graphics configuration
)
Package graphics Info: Driver file: pdftex.def on input line 105.

(c:/texlive/2019/texmf-dist/tex/latex/graphics-def/pdftex.def
File: pdftex.def 2018/01/08 v1.0l Graphics/color driver for pdftex
))
\Gin@req@height=\dimen112
\Gin@req@width=\dimen113
)
(c:/texlive/2019/texmf-dist/tex/latex/hyperref/hyperref.sty
Package: hyperref 2019/11/10 v7.00c Hypertext links for LaTeX

(c:/texlive/2019/texmf-dist/tex/generic/ltxcmds/ltxcmds.sty
Package: ltxcmds 2019/12/15 v1.24 LaTeX kernel commands for general use (HO)
)
(c:/texlive/2019/texmf-dist/tex/latex/pdftexcmds/pdftexcmds.sty
Package: pdftexcmds 2019/11/24 v0.31 Utility functions of pdfTeX for LuaTeX (HO
)

(c:/texlive/2019/texmf-dist/tex/generic/infwarerr/infwarerr.sty
Package: infwarerr 2019/12/03 v1.5 Providing info/warning/error messages (HO)
)
Package pdftexcmds Info: \pdf@primitive is available.
Package pdftexcmds Info: \pdf@ifprimitive is available.
Package pdftexcmds Info: \pdfdraftmode found.
)
(c:/texlive/2019/texmf-dist/tex/generic/kvsetkeys/kvsetkeys.sty
Package: kvsetkeys 2019/12/15 v1.18 Key value parser (HO)
)
(c:/texlive/2019/texmf-dist/tex/generic/kvdefinekeys/kvdefinekeys.sty
Package: kvdefinekeys 2019-12-19 v1.6 Define keys (HO)
)
(c:/texlive/2019/texmf-dist/tex/generic/pdfescape/pdfescape.sty
Package: pdfescape 2019/12/09 v1.15 Implements pdfTeX's escape features (HO)
)
(c:/texlive/2019/texmf-dist/tex/latex/hycolor/hycolor.sty
Package: hycolor 2019/12/15 v1.9 Color options for hyperref/bookmark (HO)

(c:/texlive/2019/texmf-dist/tex/latex/hycolor/xcolor-patch.sty
Package: xcolor-patch 2019/12/15 xcolor patch

(c:/texlive/2019/texmf-dist/tex/latex/oberdiek/hopatch.sty
Package: hopatch 2016/05/16 v1.3 Wrapper for package hooks (HO)
)))
(c:/texlive/2019/texmf-dist/tex/latex/letltxmacro/letltxmacro.sty
Package: letltxmacro 2019/12/03 v1.6 Let assignment for LaTeX macros (HO)
)
(c:/texlive/2019/texmf-dist/tex/latex/auxhook/auxhook.sty
Package: auxhook 2019-12-17 v1.6 Hooks for auxiliary files (HO)
)
(c:/texlive/2019/texmf-dist/tex/latex/kvoptions/kvoptions.sty
Package: kvoptions 2019/11/29 v3.13 Key value format for package options (HO)
)
\@linkdim=\dimen114
\Hy@linkcounter=\count93
\Hy@pagecounter=\count94

(c:/texlive/2019/texmf-dist/tex/latex/hyperref/pd1enc.def
File: pd1enc.def 2019/11/10 v7.00c Hyperref: PDFDocEncoding definition (HO)
Now handling font encoding PD1 ...
... no UTF-8 mapping file for font encoding PD1
)
(c:/texlive/2019/texmf-dist/tex/generic/intcalc/intcalc.sty
Package: intcalc 2019/12/15 v1.3 Expandable calculations with integers (HO)
)
(c:/texlive/2019/texmf-dist/tex/generic/etexcmds/etexcmds.sty
Package: etexcmds 2019/12/15 v1.7 Avoid name clashes with e-TeX commands (HO)
)
\Hy@SavedSpaceFactor=\count95

(c:/texlive/2019/texmf-dist/tex/latex/latexconfig/hyperref.cfg
File: hyperref.cfg 2002/06/06 v1.2 hyperref configuration of TeXLive
)
Package hyperref Info: Hyper figures OFF on input line 4535.
Package hyperref Info: Link nesting OFF on input line 4540.
Package hyperref Info: Hyper index ON on input line 4543.
Package hyperref Info: Plain pages OFF on input line 4550.
Package hyperref Info: Backreferencing OFF on input line 4555.
Package hyperref Info: Implicit mode ON; LaTeX internals redefined.
Package hyperref Info: Bookmarks ON on input line 4788.
\c@Hy@tempcnt=\count96

(c:/texlive/2019/texmf-dist/tex/latex/url/url.sty
\Urlmuskip=\muskip10
Package: url 2013/09/16  ver 3.4  Verb mode for urls, etc.
)
LaTeX Info: Redefining \url on input line 5147.
\XeTeXLinkMargin=\dimen115

(c:/texlive/2019/texmf-dist/tex/generic/bitset/bitset.sty
Package: bitset 2019/12/09 v1.3 Handle bit-vector datatype (HO)

(c:/texlive/2019/texmf-dist/tex/generic/bigintcalc/bigintcalc.sty
Package: bigintcalc 2019/12/15 v1.5 Expandable calculations on big integers (HO
)
))
\Fld@menulength=\count97
\Field@Width=\dimen116
\Fld@charsize=\dimen117
Package hyperref Info: Hyper figures OFF on input line 6418.
Package hyperref Info: Link nesting OFF on input line 6423.
Package hyperref Info: Hyper index ON on input line 6426.
Package hyperref Info: backreferencing OFF on input line 6433.
Package hyperref Info: Link coloring OFF on input line 6438.
Package hyperref Info: Link coloring with OCG OFF on input line 6443.
Package hyperref Info: PDF/A mode OFF on input line 6448.
LaTeX Info: Redefining \ref on input line 6488.
LaTeX Info: Redefining \pageref on input line 6492.

(c:/texlive/2019/texmf-dist/tex/generic/atbegshi/atbegshi.sty
Package: atbegshi 2019/12/05 v1.19 At begin shipout hook (HO)
)
\Hy@abspage=\count98
\c@Item=\count99
\c@Hfootnote=\count100
)
Package hyperref Info: Driver (autodetected): hpdftex.

(c:/texlive/2019/texmf-dist/tex/latex/hyperref/hpdftex.def
File: hpdftex.def 2019/11/10 v7.00c Hyperref driver for pdfTeX

(c:/texlive/2019/texmf-dist/tex/latex/atveryend/atveryend.sty
Package: atveryend 2019-12-11 v1.11 Hooks at the very end of document (HO)
Package atveryend Info: \enddocument detected (standard20110627).
)
\Fld@listcount=\count101
\c@bookmark@seq@number=\count102

(c:/texlive/2019/texmf-dist/tex/latex/rerunfilecheck/rerunfilecheck.sty
Package: rerunfilecheck 2019/12/05 v1.9 Rerun checks for auxiliary files (HO)

(c:/texlive/2019/texmf-dist/tex/generic/uniquecounter/uniquecounter.sty
Package: uniquecounter 2019/12/15 v1.4 Provide unlimited unique counter (HO)
)
Package uniquecounter Info: New unique counter `rerunfilecheck' on input line 2
86.
)
\Hy@SectionHShift=\skip44
)
Package hyperref Info: Option `colorlinks' set `true' on input line 19.

(./report.aux)
\openout1 = `report.aux'.

LaTeX Font Info:    Checking defaults for OML/cmm/m/it on input line 28.
LaTeX Font Info:    ... okay on input line 28.
LaTeX Font Info:    Checking defaults for T1/cmr/m/n on input line 28.
LaTeX Font Info:    ... okay on input line 28.
LaTeX Font Info:    Checking defaults for OT1/cmr/m/n on input line 28.
LaTeX Font Info:    ... okay on input line 28.
LaTeX Font Info:    Checking defaults for OMS/cmsy/m/n on input line 28.
LaTeX Font Info:    ... okay on input line 28.
LaTeX Font Info:    Checking defaults for OMX/cmex/m/n on input line 28.
LaTeX Font Info:    ... okay on input line 28.
LaTeX Font Info:    Checking defaults for U/cmr/m/n on input line 28.
LaTeX Font Info:    ... okay on input line 28.
LaTeX Font Info:    Checking defaults for PD1/pdf/m/n on input line 28.
LaTeX Font Info:    ... okay on input line 28.

*geometry* driver: auto-detecting
*geometry* detected driver: pdftex
*geometry* verbose mode - [ preamble ] result:
* driver: pdftex
* paper: <default>
* layout: <same size as paper>
* layoutoffset:(h,v)=(0.0pt,0.0pt)
* modes: 
* h-part:(L,W,R)=(72.26999pt, 469.75502pt, 72.26999pt)
* v-part:(T,H,B)=(72.26999pt, 650.43001pt, 72.26999pt)
* \paperwidth=614.295pt
* \paperheight=794.96999pt
* \textwidth=469.75502pt
* \textheight=650.43001pt
* \oddsidemargin=0.0pt
* \evensidemargin=0.0pt
* \topmargin=-37.0pt
* \headheight=12.0pt
* \headsep=25.0pt
* \topskip=12.0pt
* \footskip=30.0pt
* \marginparwidth=44.0pt
* \marginparsep=10.0pt
* \columnsep=10.0pt
* \skip\footins=10.8pt plus 4.0pt minus 2.0pt
* \hoffset=0.0pt
* \voffset=0.0pt
* \mag=1000
* \@twocolumnfalse
* \@twosidefalse
* \@mparswitchfalse
* \@reversemarginfalse
* (1in=72.27pt=25.4mm, 1cm=28.453pt)

(c:/texlive/2019/texmf-dist/tex/context/base/mkii/supp-pdf.mkii
[Loading MPS to PDF converter (version 2006.09.02).]
\scratchcounter=\count103
\scratchdimen=\dimen118
\scratchbox=\box28
\nofMPsegments=\count104
\nofMParguments=\count105
\everyMPshowfont=\toks18
\MPscratchCnt=\count106
\MPscratchDim=\dimen119
\MPnumerator=\count107
\makeMPintoPDFobject=\count108
\everyMPtoPDFconversion=\toks19
) (c:/texlive/2019/texmf-dist/tex/latex/epstopdf-pkg/epstopdf-base.sty
Package: epstopdf-base 2019-12-09 v2.10 Base part for package epstopdf
Package epstopdf-base Info: Redefining graphics rule for `.eps' on input line 4
85.

(c:/texlive/2019/texmf-dist/tex/latex/latexconfig/epstopdf-sys.cfg
File: epstopdf-sys.cfg 2010/07/13 v1.3 Configuration of (r)epstopdf for TeX Liv
e
))
\AtBeginShipoutBox=\box29

(c:/texlive/2019/texmf-dist/tex/latex/graphics/color.sty
Package: color 2016/07/10 v1.1e Standard LaTeX Color (DPC)

(c:/texlive/2019/texmf-dist/tex/latex/graphics-cfg/color.cfg
File: color.cfg 2016/01/02 v1.6 sample color configuration
)
Package color Info: Driver file: pdftex.def on input line 147.
)
Package hyperref Info: Link coloring ON on input line 28.

(c:/texlive/2019/texmf-dist/tex/latex/hyperref/nameref.sty
Package: nameref 2019/09/16 v2.46 Cross-referencing by name of section

(c:/texlive/2019/texmf-dist/tex/latex/refcount/refcount.sty
Package: refcount 2019/12/15 v3.6 Data extraction from label references (HO)
)
(c:/texlive/2019/texmf-dist/tex/generic/gettitlestring/gettitlestring.sty
Package: gettitlestring 2019/12/15 v1.6 Cleanup title references (HO)
)
\c@section@level=\count109
)
LaTeX Info: Redefining \ref on input line 28.
LaTeX Info: Redefining \pageref on input line 28.
LaTeX Info: Redefining \nameref on input line 28.

(./report.out) (./report.out)
\@outlinefile=\write3
\openout3 = `report.out'.

 [1

{c:/texlive/2019/texmf-var/fonts/map/pdftex/updmap/pdftex.map}]
LaTeX Font Info:    External font `cmex10' loaded for size
(Font)              <12> on input line 50.
LaTeX Font Info:    External font `cmex10' loaded for size
(Font)              <8> on input line 50.
LaTeX Font Info:    External font `cmex10' loaded for size
(Font)              <6> on input line 50.
 [2]
Overfull \hbox (35.71542pt too wide) in paragraph at lines 74--89
[] 
 []

[3]
Underfull \hbox (badness 10000) in paragraph at lines 93--96

 []

[4] (./report.toc [5])
\tf@toc=\write4
\openout4 = `report.toc'.

 [6] [7]
<Images/StartUpScreen.png, id=403, 402.00188pt x 165.61874pt>
File: Images/StartUpScreen.png Graphic file (type png)
<use Images/StartUpScreen.png>
Package pdftex.def Info: Images/StartUpScreen.png  used on input line 128.
(pdftex.def)             Requested size: 402.00089pt x 165.61833pt.
<Images/FunctionsDropdown.png, id=405, 402.00188pt x 166.12062pt>
File: Images/FunctionsDropdown.png Graphic file (type png)
<use Images/FunctionsDropdown.png>
Package pdftex.def Info: Images/FunctionsDropdown.png  used on input line 132.
(pdftex.def)             Requested size: 402.00089pt x 166.12021pt.
 [8 <./Images/StartUpScreen.png> <./Images/FunctionsDropdown.png>]
<Images/BuildGraph.png, id=415, 402.00188pt x 165.11688pt>
File: Images/BuildGraph.png Graphic file (type png)
<use Images/BuildGraph.png>
Package pdftex.def Info: Images/BuildGraph.png  used on input line 148.
(pdftex.def)             Requested size: 402.00089pt x 165.11647pt.
<Images/BuildGraphOutput.png, id=416, 401.5pt x 165.11688pt>
File: Images/BuildGraphOutput.png Graphic file (type png)
<use Images/BuildGraphOutput.png>
Package pdftex.def Info: Images/BuildGraphOutput.png  used on input line 155.
(pdftex.def)             Requested size: 401.49901pt x 165.11647pt.
 [9 <./Images/BuildGraph.png> <./Images/BuildGraphOutput.png>]
<Images/OptimalPathData.png, id=431, 401.5pt x 165.11688pt>
File: Images/OptimalPathData.png Graphic file (type png)
<use Images/OptimalPathData.png>
Package pdftex.def Info: Images/OptimalPathData.png  used on input line 166.
(pdftex.def)             Requested size: 401.49901pt x 165.11647pt.
<Images/OptimalPathOutput.png, id=432, 402.00188pt x 165.11688pt>
File: Images/OptimalPathOutput.png Graphic file (type png)
<use Images/OptimalPathOutput.png>
Package pdftex.def Info: Images/OptimalPathOutput.png  used on input line 170.
(pdftex.def)             Requested size: 402.00089pt x 165.11647pt.
<Images/FindZoneData.png, id=435, 402.00188pt x 165.61874pt>
File: Images/FindZoneData.png Graphic file (type png)
<use Images/FindZoneData.png>
Package pdftex.def Info: Images/FindZoneData.png  used on input line 181.
(pdftex.def)             Requested size: 402.00089pt x 165.61833pt.
[10 <./Images/OptimalPathData.png> <./Images/OptimalPathOutput.png>]
<Images/FindZoneOutput.png, id=447, 402.00188pt x 166.12062pt>
File: Images/FindZoneOutput.png Graphic file (type png)
<use Images/FindZoneOutput.png>
Package pdftex.def Info: Images/FindZoneOutput.png  used on input line 185.
(pdftex.def)             Requested size: 281.39938pt x 116.28363pt.
<Images/SortEdgesData.png, id=449, 402.50375pt x 164.615pt>
File: Images/SortEdgesData.png Graphic file (type png)
<use Images/SortEdgesData.png>
Package pdftex.def Info: Images/SortEdgesData.png  used on input line 196.
(pdftex.def)             Requested size: 402.50276pt x 164.6146pt.
 [11 <./Images/FindZoneData.png> <./Images/FindZoneOutput.png>]
<Images/SortEdgesOutput.png, id=460, 401.5pt x 178.6675pt>
File: Images/SortEdgesOutput.png Graphic file (type png)
<use Images/SortEdgesOutput.png>
Package pdftex.def Info: Images/SortEdgesOutput.png  used on input line 200.
(pdftex.def)             Requested size: 401.49901pt x 178.66705pt.
 [12 <./Images/SortEdgesData.png> <./Images/SortEdgesOutput.png>] [13]
<uml/classcashmeataxi_1_1Trip__coll__graph.png, id=474, 133.49875pt x 205.76875
pt>
File: uml/classcashmeataxi_1_1Trip__coll__graph.png Graphic file (type png)
<use uml/classcashmeataxi_1_1Trip__coll__graph.png>
Package pdftex.def Info: uml/classcashmeataxi_1_1Trip__coll__graph.png  used on
 input line 220.
(pdftex.def)             Requested size: 80.09984pt x 123.46219pt.
<uml/classcashmeataxi_1_1Node__coll__graph.png, id=475, 157.58875pt x 346.29375
pt>
File: uml/classcashmeataxi_1_1Node__coll__graph.png Graphic file (type png)
<use uml/classcashmeataxi_1_1Node__coll__graph.png>
Package pdftex.def Info: uml/classcashmeataxi_1_1Node__coll__graph.png  used on
 input line 221.
(pdftex.def)             Requested size: 94.55397pt x 207.77785pt.
<uml/classcashmeataxi_1_1Edge__coll__graph.png, id=476, 157.58875pt x 449.68pt>

File: uml/classcashmeataxi_1_1Edge__coll__graph.png Graphic file (type png)
<use uml/classcashmeataxi_1_1Edge__coll__graph.png>
Package pdftex.def Info: uml/classcashmeataxi_1_1Edge__coll__graph.png  used on
 input line 222.
(pdftex.def)             Requested size: 94.55397pt x 269.81007pt.
<uml/classcashmeataxi_1_1Graph__coll__graph.png, id=477, 145.54375pt x 176.66pt
>
File: uml/classcashmeataxi_1_1Graph__coll__graph.png Graphic file (type png)
<use uml/classcashmeataxi_1_1Graph__coll__graph.png>
Package pdftex.def Info: uml/classcashmeataxi_1_1Graph__coll__graph.png  used o
n input line 223.
(pdftex.def)             Requested size: 87.3269pt x 105.99681pt.
<uml/classcashmeataxi_1_1Parser__coll__graph.png, id=478, 149.55875pt x 103.386
25pt>
File: uml/classcashmeataxi_1_1Parser__coll__graph.png Graphic file (type png)
<use uml/classcashmeataxi_1_1Parser__coll__graph.png>
Package pdftex.def Info: uml/classcashmeataxi_1_1Parser__coll__graph.png  used 
on input line 225.
(pdftex.def)             Requested size: 89.73593pt x 62.03221pt.
<uml/classcashmeataxi_1_1WriterHelper__coll__graph.png, id=479, 216.81pt x 257.
96375pt>
File: uml/classcashmeataxi_1_1WriterHelper__coll__graph.png Graphic file (type 
png)
<use uml/classcashmeataxi_1_1WriterHelper__coll__graph.png>
Package pdftex.def Info: uml/classcashmeataxi_1_1WriterHelper__coll__graph.png 
 used on input line 226.
(pdftex.def)             Requested size: 130.08699pt x 154.77943pt.
<uml/classcashmeataxi_1_1GraphFileController__coll__graph.png, id=480, 223.8362
4pt x 132.495pt>
File: uml/classcashmeataxi_1_1GraphFileController__coll__graph.png Graphic file
 (type png)
<use uml/classcashmeataxi_1_1GraphFileController__coll__graph.png>
Package pdftex.def Info: uml/classcashmeataxi_1_1GraphFileController__coll__gra
ph.png  used on input line 227.
(pdftex.def)             Requested size: 134.30278pt x 79.49759pt.
<uml/classcashmeataxi_1_1SortedListOfEdges__coll__graph.png, id=481, 184.69pt x
 161.60374pt>
File: uml/classcashmeataxi_1_1SortedListOfEdges__coll__graph.png Graphic file (
type png)
<use uml/classcashmeataxi_1_1SortedListOfEdges__coll__graph.png>
Package pdftex.def Info: uml/classcashmeataxi_1_1SortedListOfEdges__coll__graph
.png  used on input line 229.
(pdftex.def)             Requested size: 110.81483pt x 96.96298pt.
<uml/classcashmeataxi_1_1GraphFind__coll__graph.png, id=482, 171.64125pt x 103.
38625pt>
File: uml/classcashmeataxi_1_1GraphFind__coll__graph.png Graphic file (type png
)
<use uml/classcashmeataxi_1_1GraphFind__coll__graph.png>
Package pdftex.def Info: uml/classcashmeataxi_1_1GraphFind__coll__graph.png  us
ed on input line 230.
(pdftex.def)             Requested size: 102.98552pt x 62.03221pt.
<uml/classcashmeataxi_1_1GraphSearch__coll__graph.png, id=483, 187.70125pt x 11
7.43875pt>
File: uml/classcashmeataxi_1_1GraphSearch__coll__graph.png Graphic file (type p
ng)
<use uml/classcashmeataxi_1_1GraphSearch__coll__graph.png>
Package pdftex.def Info: uml/classcashmeataxi_1_1GraphSearch__coll__graph.png  
used on input line 231.
(pdftex.def)             Requested size: 112.62161pt x 70.46378pt.
<uml/classcashmeataxi_1_1ControllerForCmdLine__coll__graph.png, id=484, 185.693
76pt x 103.38625pt>
File: uml/classcashmeataxi_1_1ControllerForCmdLine__coll__graph.png Graphic fil
e (type png)
<use uml/classcashmeataxi_1_1ControllerForCmdLine__coll__graph.png>
Package pdftex.def Info: uml/classcashmeataxi_1_1ControllerForCmdLine__coll__gr
aph.png  used on input line 233.
(pdftex.def)             Requested size: 111.4171pt x 62.03221pt.
<uml/classcashmeataxi_1_1Main__coll__graph.png, id=485, 139.52126pt x 88.33pt>
File: uml/classcashmeataxi_1_1Main__coll__graph.png Graphic file (type png)
<use uml/classcashmeataxi_1_1Main__coll__graph.png>
Package pdftex.def Info: uml/classcashmeataxi_1_1Main__coll__graph.png  used on
 input line 234.
(pdftex.def)             Requested size: 83.7134pt x 52.9984pt.
<uml/classcashmeataxi_1_1ControllerForGUI__coll__graph.png, id=486, 209.78375pt
 x 264.99pt>
File: uml/classcashmeataxi_1_1ControllerForGUI__coll__graph.png Graphic file (t
ype png)
<use uml/classcashmeataxi_1_1ControllerForGUI__coll__graph.png>
Package pdftex.def Info: uml/classcashmeataxi_1_1ControllerForGUI__coll__graph.
png  used on input line 236.
(pdftex.def)             Requested size: 125.8712pt x 158.99522pt.
<uml/enumcashmeataxi_1_1ControllerForGUI_1_1Function__coll__graph.png, id=487, 
197.73875pt x 161.60374pt>
File: uml/enumcashmeataxi_1_1ControllerForGUI_1_1Function__coll__graph.png Grap
hic file (type png)
<use uml/enumcashmeataxi_1_1ControllerForGUI_1_1Function__coll__graph.png>
Package pdftex.def Info: uml/enumcashmeataxi_1_1ControllerForGUI_1_1Function__c
oll__graph.png  used on input line 237.
(pdftex.def)             Requested size: 118.64417pt x 96.96298pt.
<uml/enumcashmeataxi_1_1ControllerForGUI_1_1State__coll__graph.png, id=488, 224
.84pt x 176.66pt>
File: uml/enumcashmeataxi_1_1ControllerForGUI_1_1State__coll__graph.png Graphic
 file (type png)
<use uml/enumcashmeataxi_1_1ControllerForGUI_1_1State__coll__graph.png>
Package pdftex.def Info: uml/enumcashmeataxi_1_1ControllerForGUI_1_1State__coll
__graph.png  used on input line 238.
(pdftex.def)             Requested size: 134.90503pt x 105.99681pt.
<uml/classcashmeataxi_1_1GUI__coll__graph.png, id=489, 135.50626pt x 273.02pt>
File: uml/classcashmeataxi_1_1GUI__coll__graph.png Graphic file (type png)
<use uml/classcashmeataxi_1_1GUI__coll__graph.png>
Package pdftex.def Info: uml/classcashmeataxi_1_1GUI__coll__graph.png  used on 
input line 239.
(pdftex.def)             Requested size: 81.30437pt x 163.81326pt.
 [14 <./uml/classcashmeataxi_1_1Trip__coll__graph.png> <./uml/classcashmeataxi_
1_1Node__coll__graph.png> <./uml/classcashmeataxi_1_1Edge__coll__graph.png> <./
uml/classcashmeataxi_1_1Graph__coll__graph.png> <./uml/classcashmeataxi_1_1Pars
er__coll__graph.png> <./uml/classcashmeataxi_1_1WriterHelper__coll__graph.png> 
<./uml/classcashmeataxi_1_1GraphFileController__coll__graph.png> <./uml/classca
shmeataxi_1_1SortedListOfEdges__coll__graph.png> <./uml/classcashmeataxi_1_1Gra
phFind__coll__graph.png> <./uml/classcashmeataxi_1_1GraphSearch__coll__graph.pn
g> <./uml/classcashmeataxi_1_1ControllerForCmdLine__coll__graph.png> <./uml/cla
sscashmeataxi_1_1Main__coll__graph.png>] [15 <./uml/classcashmeataxi_1_1Control
lerForGUI__coll__graph.png> <./uml/enumcashmeataxi_1_1ControllerForGUI_1_1Funct
ion__coll__graph.png> <./uml/enumcashmeataxi_1_1ControllerForGUI_1_1State__coll
__graph.png> <./uml/classcashmeataxi_1_1GUI__coll__graph.png>]
<Images/Uses.png, id=515, 663.47874pt x 452.69125pt>
File: Images/Uses.png Graphic file (type png)
<use Images/Uses.png>
Package pdftex.def Info: Images/Uses.png  used on input line 247.
(pdftex.def)             Requested size: 464.43195pt x 316.88171pt.
 [16 <./Images/Uses.png>] [17] [18] [19]
Overfull \hbox (4.2199pt too wide) in paragraph at lines 375--377
[]\OT1/cmtt/m/n/12 Edge(Node nodeFrom, Node nodeTo, long numTrips, double fare,
 double tip,
 []


Overfull \hbox (35.09491pt too wide) in paragraph at lines 380--382
[]\OT1/cmtt/m/n/12 Edge(Node nodeFrom, Node nodeTo, double fare, double tip, do
uble dist, double
 []

[20]
Overfull \hbox (0.69699pt too wide) in paragraph at lines 435--436
[]\OT1/cmr/m/n/12 This ob-ject is greater than the given ob-ject if this cost()
 is greater than other.cost() 
 []

[21] [22]
Overfull \hbox (28.9199pt too wide) in paragraph at lines 486--488
[]\OT1/cmtt/m/n/12 Trip(int fromZoneId, int toZoneId, double fare, double tip, 
double distance,
 []

[23] [24] [25] [26] [27] [28] [29]
Overfull \hbox (2.12537pt too wide) in paragraph at lines 718--719
\OT1/cmr/m/n/12 most op-ti-mal (``short-est") path. This path data is stored in
 the \OT1/cmtt/m/n/12 immediateParents
 []

[30] [31] [32] [33]
Overfull \hbox (1.69841pt too wide) in paragraph at lines 848--850
[]\OT1/cmr/m/n/12 Command-line ar-gu-ments: csv-File-name func-tion-ToRun args 
load-Ex-ist-ing-DataFile 
 []

[34] [35]
Overfull \hbox (19.15146pt too wide) in paragraph at lines 920--921
[]\OT1/cmr/m/n/12 The \OT1/cmtt/m/n/12 args \OT1/cmr/m/n/12 passed to \OT1/cmtt
/m/n/12 main \OT1/cmr/m/n/12 must fol-low the rules spec-i-fied in the \OT1/cmt
t/m/n/12 ControllerForCmdLine
 []

[36] [37] [38]
<Images/ControllerForGUIDiagram.png, id=629, 492.84125pt x 473.77pt>
File: Images/ControllerForGUIDiagram.png Graphic file (type png)
<use Images/ControllerForGUIDiagram.png>
Package pdftex.def Info: Images/ControllerForGUIDiagram.png  used on input line
 1047.
(pdftex.def)             Requested size: 369.63002pt x 355.32663pt.
 [39] [40 <./Images/ControllerForGUIDiagram.png>] [41]
<Images/GUIDiagram.png, id=643, 451.6875pt x 152.57pt>
File: Images/GUIDiagram.png Graphic file (type png)
<use Images/GUIDiagram.png>
Package pdftex.def Info: Images/GUIDiagram.png  used on input line 1113.
(pdftex.def)             Requested size: 361.35048pt x 122.05615pt.
 [42 <./Images/GUIDiagram.png>]
Package atveryend Info: Empty hook `BeforeClearDocument' on input line 1123.
 [43]
Package atveryend Info: Empty hook `AfterLastShipout' on input line 1123.
 (./report.aux)
Package atveryend Info: Executing hook `AtVeryEndDocument' on input line 1123.
Package atveryend Info: Executing hook `AtEndAfterFileList' on input line 1123.

Package rerunfilecheck Info: File `report.out' has not changed.
(rerunfilecheck)             Checksum: 7698161EEBBD24AAFDA44981BA46BDBC;5006.
Package atveryend Info: Empty hook `AtVeryVeryEnd' on input line 1123.
 ) 
Here is how much of TeX's memory you used:
 6340 strings out of 492163
 100488 string characters out of 6129076
 194113 words of memory out of 5000000
 10427 multiletter control sequences out of 15000+600000
 8410 words of font info for 30 fonts, out of 8000000 for 9000
 1141 hyphenation exceptions out of 8191
 40i,8n,34p,941b,532s stack positions out of 5000i,500n,10000p,200000b,80000s
<c:/texlive/2019/texmf-dist/fonts/type1/public/amsfonts/cm/cmbx12.pfb><c:/tex
live/2019/texmf-dist/fonts/type1/public/amsfonts/cm/cmmi12.pfb><c:/texlive/2019
/texmf-dist/fonts/type1/public/amsfonts/cm/cmr12.pfb><c:/texlive/2019/texmf-dis
t/fonts/type1/public/amsfonts/cm/cmsy10.pfb><c:/texlive/2019/texmf-dist/fonts/t
ype1/public/amsfonts/cm/cmti12.pfb><c:/texlive/2019/texmf-dist/fonts/type1/publ
ic/amsfonts/cm/cmtt12.pfb>
Output written on report.pdf (43 pages, 456329 bytes).
PDF statistics:
 712 PDF objects out of 1000 (max. 8388607)
 597 compressed objects within 6 object streams
 156 named destinations out of 1000 (max. 500000)
 706 words of extra memory for PDF output out of 10000 (max. 10000000)

