\BOOKMARK [1][-]{section.1}{Deployment Guide}{}% 1
\BOOKMARK [2][-]{subsection.1.1}{Installation and Setup}{section.1}% 2
\BOOKMARK [2][-]{subsection.1.2}{Prerequisite Knowledge}{section.1}% 3
\BOOKMARK [2][-]{subsection.1.3}{GUI Application}{section.1}% 4
\BOOKMARK [3][-]{subsubsection.1.3.1}{Build Graph}{subsection.1.3}% 5
\BOOKMARK [3][-]{subsubsection.1.3.2}{Optimal Path}{subsection.1.3}% 6
\BOOKMARK [3][-]{subsubsection.1.3.3}{Find Zone}{subsection.1.3}% 7
\BOOKMARK [3][-]{subsubsection.1.3.4}{Sort Edges}{subsection.1.3}% 8
\BOOKMARK [1][-]{section.2}{Design Overview}{}% 9
\BOOKMARK [2][-]{subsection.2.1}{Module Decomposition}{section.2}% 10
\BOOKMARK [2][-]{subsection.2.2}{UML Diagram}{section.2}% 11
\BOOKMARK [2][-]{subsection.2.3}{Uses Relationship Diagram}{section.2}% 12
\BOOKMARK [1][-]{section.3}{Modules}{}% 13
\BOOKMARK [2][-]{subsection.3.1}{Parser}{section.3}% 14
\BOOKMARK [3][-]{subsubsection.3.1.1}{Interface}{subsection.3.1}% 15
\BOOKMARK [3][-]{subsubsection.3.1.2}{Implementation Details}{subsection.3.1}% 16
\BOOKMARK [3][-]{subsubsection.3.1.3}{Requirements Traceback}{subsection.3.1}% 17
\BOOKMARK [2][-]{subsection.3.2}{Node}{section.3}% 18
\BOOKMARK [3][-]{subsubsection.3.2.1}{Interface}{subsection.3.2}% 19
\BOOKMARK [3][-]{subsubsection.3.2.2}{Implementation Details}{subsection.3.2}% 20
\BOOKMARK [3][-]{subsubsection.3.2.3}{Requirements Traceback}{subsection.3.2}% 21
\BOOKMARK [2][-]{subsection.3.3}{Edge}{section.3}% 22
\BOOKMARK [3][-]{subsubsection.3.3.1}{Interface}{subsection.3.3}% 23
\BOOKMARK [3][-]{subsubsection.3.3.2}{Implementation Details}{subsection.3.3}% 24
\BOOKMARK [3][-]{subsubsection.3.3.3}{Requirements Traceback}{subsection.3.3}% 25
\BOOKMARK [2][-]{subsection.3.4}{Trip}{section.3}% 26
\BOOKMARK [3][-]{subsubsection.3.4.1}{Interface}{subsection.3.4}% 27
\BOOKMARK [3][-]{subsubsection.3.4.2}{Implementation Details}{subsection.3.4}% 28
\BOOKMARK [3][-]{subsubsection.3.4.3}{Requirements Traceback}{subsection.3.4}% 29
\BOOKMARK [2][-]{subsection.3.5}{Graph}{section.3}% 30
\BOOKMARK [3][-]{subsubsection.3.5.1}{Interface}{subsection.3.5}% 31
\BOOKMARK [3][-]{subsubsection.3.5.2}{Implementation Details}{subsection.3.5}% 32
\BOOKMARK [3][-]{subsubsection.3.5.3}{Requirements Traceback}{subsection.3.5}% 33
\BOOKMARK [2][-]{subsection.3.6}{GraphFind}{section.3}% 34
\BOOKMARK [3][-]{subsubsection.3.6.1}{Interface}{subsection.3.6}% 35
\BOOKMARK [3][-]{subsubsection.3.6.2}{Implementation Details}{subsection.3.6}% 36
\BOOKMARK [3][-]{subsubsection.3.6.3}{Requirements Traceback}{subsection.3.6}% 37
\BOOKMARK [2][-]{subsection.3.7}{SortedListOfEdges}{section.3}% 38
\BOOKMARK [3][-]{subsubsection.3.7.1}{Interface}{subsection.3.7}% 39
\BOOKMARK [3][-]{subsubsection.3.7.2}{Implementation Details}{subsection.3.7}% 40
\BOOKMARK [3][-]{subsubsection.3.7.3}{Requirements Traceback}{subsection.3.7}% 41
\BOOKMARK [2][-]{subsection.3.8}{GraphSearch}{section.3}% 42
\BOOKMARK [3][-]{subsubsection.3.8.1}{Interface}{subsection.3.8}% 43
\BOOKMARK [3][-]{subsubsection.3.8.2}{Implementation Details}{subsection.3.8}% 44
\BOOKMARK [3][-]{subsubsection.3.8.3}{Requirements Traceback}{subsection.3.8}% 45
\BOOKMARK [2][-]{subsection.3.9}{WriterHelper}{section.3}% 46
\BOOKMARK [3][-]{subsubsection.3.9.1}{Interface}{subsection.3.9}% 47
\BOOKMARK [3][-]{subsubsection.3.9.2}{Implementation Details}{subsection.3.9}% 48
\BOOKMARK [3][-]{subsubsection.3.9.3}{Requirements Traceback}{subsection.3.9}% 49
\BOOKMARK [2][-]{subsection.3.10}{GraphFileController}{section.3}% 50
\BOOKMARK [3][-]{subsubsection.3.10.1}{Interface}{subsection.3.10}% 51
\BOOKMARK [3][-]{subsubsection.3.10.2}{Implementation Details}{subsection.3.10}% 52
\BOOKMARK [3][-]{subsubsection.3.10.3}{Requirements Traceback}{subsection.3.10}% 53
\BOOKMARK [2][-]{subsection.3.11}{ControllerForCmdLine}{section.3}% 54
\BOOKMARK [3][-]{subsubsection.3.11.1}{Interface}{subsection.3.11}% 55
\BOOKMARK [3][-]{subsubsection.3.11.2}{Implementation Details}{subsection.3.11}% 56
\BOOKMARK [3][-]{subsubsection.3.11.3}{Requirements Traceback}{subsection.3.11}% 57
\BOOKMARK [2][-]{subsection.3.12}{Main}{section.3}% 58
\BOOKMARK [3][-]{subsubsection.3.12.1}{Interface}{subsection.3.12}% 59
\BOOKMARK [2][-]{subsection.3.13}{ControllerForGUI}{section.3}% 60
\BOOKMARK [3][-]{subsubsection.3.13.1}{Interface}{subsection.3.13}% 61
\BOOKMARK [3][-]{subsubsection.3.13.2}{Implementation Details}{subsection.3.13}% 62
\BOOKMARK [3][-]{subsubsection.3.13.3}{Requirements Traceback}{subsection.3.13}% 63
\BOOKMARK [3][-]{subsubsection.3.13.4}{UML State Machine}{subsection.3.13}% 64
\BOOKMARK [2][-]{subsection.3.14}{GUI}{section.3}% 65
\BOOKMARK [3][-]{subsubsection.3.14.1}{Interface}{subsection.3.14}% 66
\BOOKMARK [3][-]{subsubsection.3.14.2}{Implementation Details}{subsection.3.14}% 67
\BOOKMARK [3][-]{subsubsection.3.14.3}{Requirements Traceback}{subsection.3.14}% 68
\BOOKMARK [3][-]{subsubsection.3.14.4}{UML State Machine}{subsection.3.14}% 69
\BOOKMARK [1][-]{section.4}{Design Critique}{}% 70
